TN:
SF:utils.tsx
FN:1,getSvgPathFromStroke
FN:24,loadImage
FN:33,clamp
FN:37,safeJsonParse
FNF:4
FNH:3
FNDA:3,getSvgPathFromStroke
FNDA:0,loadImage
FNDA:5,clamp
FNDA:4,safeJsonParse
DA:1,1
DA:2,3
DA:4,2
DA:5,3
DA:7,2
DA:8,2
DA:9,4
DA:10,4
DA:11,4
DA:12,4
DA:13,4
DA:14,4
DA:15,4
DA:16,4
DA:17,3
DA:18,3
DA:20,3
DA:21,3
DA:22,3
DA:24,1
DA:25,0
DA:26,0
DA:27,0
DA:28,0
DA:29,0
DA:30,0
DA:31,0
DA:33,1
DA:34,5
DA:35,5
DA:37,1
DA:38,4
DA:39,4
DA:40,4
DA:41,2
DA:42,2
DA:43,4
LF:37
LH:30
BRDA:1,0,0,3
BRDA:2,1,0,1
BRDA:2,2,0,2
BRDA:5,3,0,0
BRDA:5,4,0,2
BRDA:17,5,0,0
BRDA:17,6,0,0
BRDA:8,7,0,4
BRDA:9,8,0,0
BRDA:10,9,0,0
BRDA:12,10,0,0
BRDA:13,11,0,0
BRDA:33,12,0,5
BRDA:37,13,0,4
BRDA:40,14,0,2
BRF:15
BRH:8
end_of_record
TN:
SF:services\spatialApi.ts
FN:1,(empty-report)
FNF:1
FNH:1
FNDA:1,(empty-report)
DA:2,0
DA:3,0
DA:4,0
DA:6,0
DA:7,0
DA:8,0
DA:9,0
DA:10,0
DA:11,0
DA:13,0
DA:14,0
DA:15,0
DA:16,0
DA:17,0
DA:18,0
DA:19,0
DA:20,0
DA:21,0
DA:22,0
DA:23,0
DA:24,0
DA:25,0
DA:26,0
DA:27,0
DA:29,0
DA:30,0
DA:32,0
DA:33,0
DA:34,0
DA:35,0
DA:36,0
DA:38,0
DA:39,0
DA:40,0
DA:41,0
DA:42,0
DA:43,0
DA:44,0
DA:45,0
DA:46,0
DA:48,0
DA:49,0
DA:51,0
DA:52,0
DA:53,0
DA:55,0
DA:56,0
DA:57,0
DA:58,0
DA:59,0
DA:61,0
DA:62,0
DA:63,0
DA:64,0
DA:65,0
DA:66,0
DA:67,0
DA:68,0
DA:69,0
DA:70,0
DA:71,0
DA:72,0
LF:62
LH:0
BRDA:1,0,0,1
BRF:1
BRH:1
end_of_record
TN:
SF:services\validators.ts
FN:10,isObject
FN:13,isNumber
FN:16,isString
FN:18,isBetween
FN:21,assertBoundingBox2D
FN:38,assertBoundingBoxMask
FN:46,assertPoint
FN:59,assert3DBox
FN:76,validateAnalyzeResponse
FNF:9
FNH:9
FNDA:55,isObject
FNDA:139,isNumber
FNDA:100,isString
FNDA:60,isBetween
FNDA:13,assertBoundingBox2D
FNDA:7,assertBoundingBoxMask
FNDA:7,assertPoint
FNDA:5,assert3DBox
FNDA:13,validateAnalyzeResponse
DA:10,1
DA:11,55
DA:13,1
DA:14,139
DA:16,1
DA:18,1
DA:19,60
DA:21,1
DA:22,13
DA:23,13
DA:24,13
DA:25,13
DA:26,12
DA:27,12
DA:28,12
DA:29,12
DA:30,12
DA:31,12
DA:32,12
DA:33,12
DA:34,12
DA:36,13
DA:38,1
DA:39,7
DA:42,7
DA:43,7
DA:44,7
DA:46,1
DA:47,7
DA:48,7
DA:49,7
DA:50,7
DA:51,6
DA:52,6
DA:53,6
DA:54,6
DA:55,6
DA:57,7
DA:59,1
DA:60,5
DA:61,5
DA:62,5
DA:63,4
DA:64,4
DA:65,4
DA:67,5
DA:76,1
DA:77,13
DA:78,13
DA:79,13
DA:80,13
DA:81,1
DA:82,1
DA:84,13
DA:85,1
DA:86,1
DA:88,13
DA:89,1
DA:90,1
DA:92,13
DA:93,0
DA:94,0
DA:96,13
DA:97,1
DA:98,1
DA:100,9
DA:101,9
DA:102,9
DA:103,9
DA:104,9
DA:105,9
DA:106,13
DA:107,0
DA:108,0
DA:110,13
DA:111,1
DA:112,1
DA:114,8
DA:116,13
DA:117,2
DA:118,1
DA:119,1
DA:120,1
DA:121,1
DA:123,13
DA:124,2
DA:125,1
DA:126,1
DA:127,1
DA:128,1
DA:130,13
DA:131,2
DA:132,1
DA:133,1
DA:134,1
DA:135,1
DA:137,13
DA:138,1
DA:139,1
DA:140,1
DA:141,1
LF:101
LH:97
BRDA:10,0,0,55
BRDA:11,1,0,53
BRDA:13,2,0,139
BRDA:14,3,0,137
BRDA:16,4,0,100
BRDA:18,5,0,60
BRDA:21,6,0,13
BRDA:22,7,0,0
BRDA:25,8,0,12
BRDA:26,9,0,12
BRDA:27,10,0,12
BRDA:28,11,0,12
BRDA:29,12,0,12
BRDA:30,13,0,12
BRDA:31,14,0,12
BRDA:32,15,0,12
BRDA:33,16,0,12
BRDA:38,17,0,7
BRDA:39,18,0,0
BRDA:43,19,0,6
BRDA:46,20,0,7
BRDA:47,21,0,0
BRDA:50,22,0,6
BRDA:51,23,0,6
BRDA:52,24,0,6
BRDA:53,25,0,6
BRDA:54,26,0,6
BRDA:59,27,0,5
BRDA:60,28,0,0
BRDA:62,29,0,4
BRDA:63,30,0,4
BRDA:64,31,0,4
BRDA:63,32,0,36
BRDA:76,33,0,13
BRDA:80,34,0,1
BRDA:82,35,0,12
BRDA:84,36,0,11
BRDA:84,37,0,1
BRDA:86,38,0,11
BRDA:88,39,0,1
BRDA:90,40,0,10
BRDA:92,41,0,0
BRDA:94,42,0,10
BRDA:96,43,0,1
BRDA:98,44,0,9
BRDA:103,45,0,9
BRDA:104,46,0,9
BRDA:106,47,0,0
BRDA:108,48,0,9
BRDA:110,49,0,1
BRDA:112,50,0,8
BRDA:116,51,0,2
BRDA:117,52,0,1
BRDA:121,53,0,6
BRDA:123,54,0,2
BRDA:124,55,0,1
BRDA:128,56,0,4
BRDA:130,57,0,2
BRDA:131,58,0,1
BRDA:137,59,0,1
BRF:60
BRH:54
end_of_record
TN:
SF:shared\spatialSimulation.ts
FN:14,clamp
FN:17,hashText
FN:26,makeRng
FN:34,round
FN:39,normalizeTarget
FN:48,buildLabels
FN:62,createMaskDataUrl
FN:73,create2DItems
FN:96,createMaskItems
FN:108,createPointItems
FN:124,create3DItems
FN:159,confidenceFromTemperature
FN:169,buildCount
FN:184,simulateSpatialAnalysis
FN:215,makeSummary
FNF:15
FNH:15
FNDA:574,clamp
FNDA:30,hashText
FNDA:54,makeRng
FNDA:852,round
FNDA:60,normalizeTarget
FNDA:30,buildLabels
FNDA:24,createMaskDataUrl
FNDA:22,create2DItems
FNDA:4,createMaskItems
FNDA:4,createPointItems
FNDA:4,create3DItems
FNDA:30,confidenceFromTemperature
FNDA:30,buildCount
FNDA:30,simulateSpatialAnalysis
FNDA:30,makeSummary
DA:11,1
DA:12,1
DA:14,1
DA:15,574
DA:17,1
DA:18,30
DA:19,30
DA:20,2585
DA:21,2585
DA:22,2585
DA:23,30
DA:24,30
DA:26,1
DA:27,54
DA:28,54
DA:29,1008
DA:30,1008
DA:31,1008
DA:32,54
DA:34,1
DA:35,852
DA:36,852
DA:37,852
DA:39,1
DA:40,60
DA:41,60
DA:42,60
DA:43,60
DA:44,60
DA:45,60
DA:46,60
DA:48,1
DA:49,30
DA:50,30
DA:51,30
DA:52,30
DA:54,30
DA:56,30
DA:57,164
DA:58,164
DA:59,30
DA:60,30
DA:62,1
DA:63,24
DA:64,24
DA:65,24
DA:66,24
DA:67,24
DA:69,24
DA:70,24
DA:71,24
DA:73,1
DA:74,22
DA:75,22
DA:76,22
DA:77,22
DA:78,22
DA:79,22
DA:80,124
DA:81,124
DA:82,124
DA:83,124
DA:85,124
DA:86,124
DA:87,124
DA:88,124
DA:89,124
DA:90,124
DA:91,124
DA:92,124
DA:93,22
DA:94,22
DA:96,1
DA:97,4
DA:98,4
DA:99,4
DA:100,4
DA:101,4
DA:102,4
DA:103,24
DA:104,24
DA:105,4
DA:106,4
DA:108,1
DA:109,4
DA:110,4
DA:111,4
DA:112,4
DA:113,4
DA:114,4
DA:115,24
DA:116,24
DA:117,24
DA:118,24
DA:119,24
DA:120,24
DA:121,4
DA:122,4
DA:124,1
DA:125,4
DA:126,4
DA:127,4
DA:128,4
DA:129,4
DA:130,4
DA:131,16
DA:132,16
DA:133,16
DA:134,16
DA:135,16
DA:136,16
DA:137,16
DA:138,16
DA:139,16
DA:141,16
DA:142,16
DA:153,16
DA:154,16
DA:155,16
DA:156,4
DA:157,4
DA:159,1
DA:160,30
DA:161,1
DA:162,1
DA:163,30
DA:164,28
DA:165,28
DA:166,1
DA:167,1
DA:169,1
DA:170,30
DA:171,30
DA:172,30
DA:173,30
DA:174,30
DA:175,30
DA:176,30
DA:177,30
DA:178,30
DA:179,30
DA:180,30
DA:181,30
DA:182,30
DA:184,1
DA:185,30
DA:186,30
DA:187,30
DA:188,30
DA:189,30
DA:190,30
DA:191,30
DA:192,30
DA:193,30
DA:194,30
DA:195,30
DA:196,30
DA:197,30
DA:199,30
DA:200,30
DA:202,30
DA:203,29
DA:204,1
DA:206,30
DA:208,30
DA:209,30
DA:210,30
DA:211,30
DA:212,30
DA:213,30
DA:215,30
DA:216,30
DA:217,30
DA:218,30
DA:219,30
DA:220,30
DA:222,30
DA:223,18
DA:224,18
DA:225,18
DA:226,18
DA:227,18
DA:228,18
DA:229,18
DA:230,18
DA:232,30
DA:233,4
DA:234,4
DA:235,4
DA:236,4
DA:237,4
DA:238,4
DA:239,4
DA:240,4
DA:242,30
DA:243,4
DA:244,4
DA:245,4
DA:246,4
DA:247,4
DA:248,4
DA:249,4
DA:250,4
DA:252,4
DA:253,4
DA:254,4
DA:255,4
DA:256,4
DA:257,4
DA:258,4
DA:259,4
LF:211
LH:211
BRDA:14,0,0,574
BRDA:17,1,0,30
BRDA:19,2,0,2585
BRDA:26,3,0,54
BRDA:28,4,0,1008
BRDA:34,5,0,852
BRDA:39,6,0,60
BRDA:45,7,0,0
BRDA:48,8,0,30
BRDA:54,9,0,0
BRDA:51,10,0,86
BRDA:56,11,0,164
BRDA:57,12,0,0
BRDA:62,13,0,24
BRDA:73,14,0,22
BRDA:79,15,0,124
BRDA:90,16,0,0
BRDA:96,17,0,4
BRDA:102,18,0,24
BRDA:108,19,0,4
BRDA:114,20,0,24
BRDA:119,21,0,0
BRDA:124,22,0,4
BRDA:130,23,0,16
BRDA:153,24,0,0
BRDA:159,25,0,30
BRDA:160,26,0,1
BRDA:162,27,0,29
BRDA:163,28,0,28
BRDA:165,29,0,1
BRDA:169,30,0,30
BRDA:176,31,0,4
BRDA:176,32,0,26
BRDA:184,33,0,30
BRDA:195,34,0,29
BRDA:195,35,0,1
BRDA:202,36,0,29
BRDA:203,37,0,1
BRDA:222,38,0,18
BRDA:230,39,0,12
BRDA:232,40,0,4
BRDA:240,41,0,8
BRDA:242,42,0,4
BRDA:215,43,0,30
BRF:44
BRH:38
end_of_record
